<?xml version="1.0" encoding="UTF-8"?>
<!-- Generated by org.testng.reporters.JUnitReportReporter -->
<testsuite skipped="0" hostname="DESKTOP-66SGQGC" name="com.selgrid.AmazonChrome" tests="1" failures="0" timestamp="28 Jun 2020 04:14:59 GMT" time="19.901" errors="0">
  <testcase name="amazonchrome" time="19.901" classname="com.selgrid.AmazonChrome"/>
</testsuite> <!-- com.selgrid.AmazonChrome -->
