<?xml version="1.0" encoding="UTF-8"?>
<!-- Generated by org.testng.reporters.JUnitReportReporter -->
<testsuite skipped="0" hostname="DESKTOP-66SGQGC" name="com.selgrid.FlipkartFirefox" tests="1" failures="0" timestamp="28 Jun 2020 04:14:59 GMT" time="25.359" errors="0">
  <testcase name="flipkartfirefox" time="25.359" classname="com.selgrid.FlipkartFirefox"/>
</testsuite> <!-- com.selgrid.FlipkartFirefox -->
