<?xml version="1.0" encoding="UTF-8"?>
<!-- Generated by org.testng.reporters.JUnitReportReporter -->
<testsuite skipped="0" hostname="DESKTOP-66SGQGC" name="com.selgrid.WorkPlaceXT" tests="1" failures="0" timestamp="28 Jun 2020 04:14:59 GMT" time="23.265" errors="0">
  <testcase name="workPlaceXTChrome" time="23.265" classname="com.selgrid.WorkPlaceXT"/>
</testsuite> <!-- com.selgrid.WorkPlaceXT -->
