<?xml version="1.0" encoding="UTF-8"?>
<!-- Generated by org.testng.reporters.JUnitReportReporter -->
<testsuite skipped="0" hostname="DESKTOP-66SGQGC" name="com.selgrid.WorkPlaceXT" tests="1" failures="0" timestamp="28 Jun 2020 04:18:35 GMT" time="29.108" errors="0">
  <testcase name="workPlaceXTChrome" time="29.108" classname="com.selgrid.WorkPlaceXT"/>
</testsuite> <!-- com.selgrid.WorkPlaceXT -->
